\BOOKMARK [0][-]{section*.1}{\376\377\006\101\006\107\006\061\006\063\006\052\000\040\006\064\006\251\006\104\040\014\006\107\006\047}{}% 1
\BOOKMARK [0][-]{chapter.1}{\376\377\006\105\006\102\006\057\006\105\006\107}{}% 2
\BOOKMARK [1][-]{section.1.1}{\376\377\006\105\006\102\006\057\006\105\006\107}{chapter.1}% 3
\BOOKMARK [1][-]{section.1.2}{\376\377\006\314\006\251\000\040\006\105\006\053\006\047\006\104\000\040\006\047\006\062\000\040\006\047\006\107\006\105\006\314\006\052\000\040\006\251\006\047\006\061\006\050\006\061\006\057\000\040\006\106\006\105\006\110\006\106\006\107\000\040\006\052\006\102\006\047\006\050\006\104\006\314}{chapter.1}% 4
\BOOKMARK [0][-]{chapter.2}{\376\377\006\176\006\314\006\064\040\014\006\062\006\105\006\314\006\106\006\107}{}% 5
\BOOKMARK [1][-]{section.2.1}{\376\377\006\106\006\105\006\110\006\106\006\107\000\040\006\052\006\102\006\047\006\050\006\104\006\314\000\040\006\110\000\040\006\042\006\105\006\110\006\062\006\064\000\040\006\052\006\102\006\047\006\050\006\104\006\314}{chapter.2}% 6
\BOOKMARK [1][-]{section.2.2}{\376\377\006\057\006\063\006\052\006\107\040\014\006\050\006\106\006\057\006\314\000\040\006\047\006\106\006\110\006\047\006\071\000\040\006\055\006\105\006\104\006\047\006\052\000\040\006\052\006\102\006\047\006\050\006\104\006\314}{chapter.2}% 7
\BOOKMARK [2][-]{subsection.2.2.1}{\376\377\006\055\006\105\006\104\006\107\040\014\000\040\006\054\006\071\006\050\006\107\000\040\006\063\006\101\006\314\006\057}{section.2.2}% 8
\BOOKMARK [2][-]{subsection.2.2.2}{\376\377\006\055\006\105\006\104\006\107\000\040\006\054\006\071\006\050\006\107\000\040\006\063\006\314\006\047\006\107}{section.2.2}% 9
\BOOKMARK [2][-]{subsection.2.2.3}{\376\377\006\055\006\105\006\104\006\107\000\040\006\054\006\071\006\050\006\107\000\040\006\106\006\314\006\105\006\107\040\014\006\063\006\101\006\314\006\057}{section.2.2}% 10
\BOOKMARK [1][-]{section.2.3}{\376\377\006\064\006\050\006\251\006\107\000\040\006\105\006\110\006\104\006\057\000\040\006\052\006\102\006\047\006\050\006\104\006\314}{chapter.2}% 11
\BOOKMARK [2][-]{subsection.2.3.1}{\376\377\006\105\006\110\006\104\006\057}{section.2.3}% 12
\BOOKMARK [2][-]{subsection.2.3.2}{\376\377\006\052\006\105\006\314\006\314\006\062\040\014\006\057\006\107\006\106\006\057\006\107}{section.2.3}% 13
\BOOKMARK [2][-]{subsection.2.3.3}{\376\377\006\106\006\055\006\110\006\107\000\040\006\071\006\105\006\104\006\251\006\061\006\057\000\040\006\064\006\050\006\251\006\107}{section.2.3}% 14
\BOOKMARK [0][-]{chapter.3}{\376\377\006\105\006\061\006\110\006\061\006\314\000\040\006\050\006\061\000\040\006\251\006\047\006\061\040\014\006\107\006\047\006\314\000\040\006\105\006\061\006\052\006\050\006\067}{}% 15
\BOOKMARK [1][-]{section.3.1}{\376\377\006\047\006\104\006\257\006\110\006\061\006\314\006\052\006\105\000\040\006\071\006\104\006\047\006\105\006\052\000\040\006\257\006\061\006\047\006\057\006\314\006\047\006\106\000\040\006\063\006\061\006\314\006\071}{chapter.3}% 16
\BOOKMARK [2][-]{subsection.3.1.1}{\376\377\006\105\006\071\006\047\006\057\006\104\006\107}{section.3.1}% 17
\BOOKMARK [2][-]{subsection.3.1.2}{\376\377\006\071\006\105\006\104\006\251\006\061\006\057\000\040\006\047\006\104\006\257\006\110\006\061\006\314\006\052\006\105}{section.3.1}% 18
\BOOKMARK [2][-]{subsection.3.1.3}{\376\377\006\314\006\251\000\040\006\105\006\053\006\047\006\104\000\040\006\047\006\062\000\040\006\106\006\105\006\110\006\106\006\107\000\040\006\052\006\102\006\047\006\050\006\104\006\314}{section.3.1}% 19
\BOOKMARK [0][-]{chapter.4}{\376\377\006\061\006\110\006\064\000\040\006\055\006\104\000\040\006\105\006\063\006\046\006\104\006\107}{}% 20
\BOOKMARK [1][-]{section.4.1}{\376\377\006\064\006\061\006\055\000\040\006\105\006\063\006\046\006\104\006\107}{chapter.4}% 21
\BOOKMARK [1][-]{section.4.2}{\376\377\006\064\006\050\006\251\006\107\000\040\000A\000d\000v\000-\000G\000A\000N\000\040}{chapter.4}% 22
\BOOKMARK [2][-]{subsection.4.2.1}{\376\377\006\105\006\071\006\105\006\047\006\061\006\314\000\040\006\064\006\050\006\251\006\107}{section.4.2}% 23
\BOOKMARK [2][-]{subsection.4.2.2}{\376\377\006\105\006\071\006\047\006\057\006\104\006\107\040\014\006\107\006\047\006\314\000\040\006\064\006\050\006\251\006\107}{section.4.2}% 24
\BOOKMARK [0][-]{chapter.5}{\376\377\006\042\006\062\006\105\006\047\006\314\006\064\040\014\006\107\006\047\000\040\006\110\000\040\006\106\006\052\006\314\006\054\006\107\040\014\006\107\006\047}{}% 25
\BOOKMARK [1][-]{section.5.1}{\376\377\006\105\006\064\006\056\006\065\006\047\006\052\000\040\006\105\006\055\006\314\006\067\000\040\006\047\006\054\006\061\006\047\006\314\000\040\006\251\006\057}{chapter.5}% 26
\BOOKMARK [2][-]{subsection.5.1.1}{\376\377\006\063\006\056\006\052\000\040\006\047\006\101\006\062\006\047\006\061\000\040\006\110\000\040\006\063\006\314\006\063\006\052\006\105\000\040\006\071\006\047\006\105\006\104}{section.5.1}% 27
\BOOKMARK [2][-]{subsection.5.1.2}{\376\377\006\106\006\061\006\105\040\014\006\047\006\101\006\062\006\047\006\061\000\040\006\110\000\040\006\251\006\052\006\047\006\050\040\014\006\056\006\047\006\106\006\107}{section.5.1}% 28
\BOOKMARK [1][-]{section.5.2}{\376\377\006\105\006\054\006\105\006\110\006\071\006\107\000\040\006\057\006\047\006\057\006\107}{chapter.5}% 29
\BOOKMARK [1][-]{section.5.3}{\376\377\006\050\006\056\006\064\040\014\006\107\006\047\006\314\000\040\006\251\006\057\000\040\006\110\000\040\006\106\006\055\006\110\006\107\040\014\000\040\006\047\006\054\006\061\006\047\006\314\006\064\006\047\006\106}{chapter.5}% 30
\BOOKMARK [2][-]{subsection.5.3.1}{\376\377\006\042\006\105\006\110\006\062\006\064\000\040\006\064\006\050\006\251\006\107\000\040\006\107\006\057\006\101}{section.5.3}% 31
\BOOKMARK [2][-]{subsection.5.3.2}{\376\377\006\042\006\105\006\110\006\062\006\064\000\040\006\064\006\050\006\251\006\107\000\040\000A\000d\000v\000-\000G\000A\000N}{section.5.3}% 32
\BOOKMARK [2][-]{subsection.5.3.3}{\376\377\006\047\006\061\006\062\006\314\006\047\006\050\006\314\000\040\006\106\006\105\006\110\006\106\006\107\040\014\006\107\006\047\006\314\000\040\006\052\006\102\006\047\006\050\006\104\006\314\000\040\006\052\006\110\006\104\006\314\006\057\000\040\006\064\006\057\006\107}{section.5.3}% 33
\BOOKMARK [1][-]{section.5.4}{\376\377\006\105\006\071\006\105\006\047\006\061\006\314\000\040\006\110\000\040\006\052\006\106\006\070\006\314\006\105\006\047\006\052\000\040\006\064\006\050\006\251\006\107\040\014\006\107\006\047\006\314\000\040\006\071\006\065\006\050\006\314}{chapter.5}% 34
\BOOKMARK [2][-]{subsection.5.4.1}{\376\377\006\105\006\057\006\104\000\040\006\107\006\057\006\101}{section.5.4}% 35
\BOOKMARK [2][-]{subsection.5.4.2}{\376\377\006\105\006\057\006\104\000\040\000A\000d\000v\000-\000G\000A\000N}{section.5.4}% 36
\BOOKMARK [3][-]{subsubsection.5.4.2.1}{\376\377\006\064\006\050\006\251\006\107\000\040\006\105\006\110\006\104\006\057}{subsection.5.4.2}% 37
\BOOKMARK [3][-]{subsubsection.5.4.2.2}{\376\377\006\064\006\050\006\251\006\107\000\040\006\052\006\105\006\314\006\314\006\062\040\014\006\057\006\107\006\106\006\057\006\107}{subsection.5.4.2}% 38
\BOOKMARK [1][-]{section.5.5}{\376\377\006\106\006\052\006\047\006\314\006\054\000\040\006\071\006\105\006\104\006\251\006\061\006\057\000\040\006\064\006\050\006\251\006\107\000\040\006\107\006\057\006\101\000\040\006\102\006\050\006\104\000\040\006\047\006\062\000\040\006\055\006\105\006\104\006\107}{chapter.5}% 39
\BOOKMARK [1][-]{section.5.6}{\376\377\006\042\006\105\006\110\006\062\006\064\000\040\006\064\006\050\006\251\006\107\000\040\000A\000d\000v\000-\000G\000A\000N}{chapter.5}% 40
\BOOKMARK [1][-]{section.5.7}{\376\377\006\106\006\052\006\047\006\314\006\054\000\040\006\071\006\105\006\104\006\251\006\061\006\057\000\040\006\064\006\050\006\251\006\107\000\040\006\107\006\057\006\101\000\040\006\176\006\063\000\040\006\047\006\062\000\040\006\055\006\105\006\104\006\107}{chapter.5}% 41
\BOOKMARK [1][-]{section.5.8}{\376\377\006\106\006\105\006\110\006\106\006\107\040\014\006\107\006\047\006\314\000\040\006\052\006\102\006\047\006\050\006\104\006\314\000\040\006\110\000\040\006\105\006\057\006\104\000\040\006\107\006\057\006\101}{chapter.5}% 42
\BOOKMARK [0][-]{chapter.6}{\376\377\006\106\006\052\006\314\006\054\006\107\040\014\006\257\006\314\006\061\006\314\000\040\006\110\000\040\006\176\006\314\006\064\006\106\006\107\006\047\006\057\006\047\006\052}{}% 43
\BOOKMARK [1][-]{section.6.1}{\376\377\006\106\006\052\006\314\006\054\006\107\040\014\006\257\006\314\006\061\006\314}{chapter.6}% 44
\BOOKMARK [1][-]{section.6.2}{\376\377\006\176\006\314\006\064\006\106\006\107\006\047\006\057\006\047\006\052\000\040\006\110\000\040\006\251\006\047\006\061\040\014\006\107\006\047\006\314\000\040\006\042\006\314\006\106\006\057\006\107}{chapter.6}% 45
\BOOKMARK [0][-]{chapter*.2}{\376\377\006\105\006\061\006\047\006\054\006\071}{}% 46
